
=== Rte ===

-Validating module Rte...
	SKIPPED (has no validator)

-Generating module Rte...

	-Verifying license...

	-Pre-validate model...

	-Building internal data structures...

	-Post-validating internal data structures...

	-Generating files...
		Rte/Config/Rte.c: OK
		Rte/Config/Rte.h: OK
		Rte/Config/Rte_Utils.h: OK
		Rte/Config/Rte_Cfg.h: OK
		Rte/Config/Rte_DataHandleType.h: OK
		Rte/Config/Rte_Hook.h: OK
		Rte/Config/Rte_Internal.h: OK
		Rte/Config/Rte_Internal.c: OK
		Rte/Config/Rte_Buffers.h: OK
		Rte/Config/Rte_Buffers.c: OK
		Rte/Config/Rte_Main.h: OK
		Rte/Config/Rte_Main.c: OK
		Rte/Config/Rte_Type.h: OK
		Rte/Config/Rte_Type_Workarounds.h: OK
		Rte/Config/Rte_Calprms.c: OK
		Rte/Config/Rte_Calprms.h: OK
		Rte/Config/Rte.mk: OK
		Rte/Config/Rte_Cbk.c: OK
		Rte/Config/Rte_Cbk.h: OK
		Rte/Config/Ioc.h: OK
		Rte/Config/Ioc.c: OK
		Rte/Config/Rte_Assert.h: OK
		Rte/Config/RteTags.txt: OK
		Rte/Config/Rte_Fifo.h: OK
		Rte/Config/Rte_Fifo.c: OK
		Rte/MemMap/Rte_MemMap.h: OK
		Rte/MemMap/Ioc_MemMap.h: OK
		Rte/Config/Rte_BswM.c: OK
		Rte/Contract/Rte_BswM.h: OK
		Rte/Config/Rte_BswM_Type.h: OK
		Rte/MemMap/BswM_MemMap.h: OK
		Rte/Config/Rte_ComM.c: OK
		Rte/Contract/Rte_ComM.h: OK
		Rte/Config/Rte_ComM_Type.h: OK
		Rte/MemMap/ComM_MemMap.h: OK
		Rte/Config/Rte_Dcm.c: OK
		Rte/Contract/Rte_Dcm.h: OK
		Rte/Config/Rte_Dcm_Type.h: OK
		Rte/MemMap/Dcm_MemMap.h: OK
		Rte/Config/Rte_Dem.c: OK
		Rte/Contract/Rte_Dem.h: OK
		Rte/Config/Rte_Dem_Type.h: OK
		Rte/MemMap/Dem_MemMap.h: OK
		Rte/Config/Rte_Det.c: OK
		Rte/Contract/Rte_Det.h: OK
		Rte/Config/Rte_Det_Type.h: OK
		Rte/MemMap/Det_MemMap.h: OK
		Rte/Config/Rte_Dlt.c: OK
		Rte/Contract/Rte_Dlt.h: OK
		Rte/Config/Rte_Dlt_Type.h: OK
		Rte/MemMap/Dlt_MemMap.h: OK
		Rte/Config/Rte_EcuM.c: OK
		Rte/Contract/Rte_EcuM.h: OK
		Rte/Config/Rte_EcuM_Type.h: OK
		Rte/MemMap/EcuM_MemMap.h: OK
		Rte/Config/Rte_FiM.c: OK
		Rte/Contract/Rte_FiM.h: OK
		Rte/Config/Rte_FiM_Type.h: OK
		Rte/MemMap/FiM_MemMap.h: OK
		Rte/Config/Rte_IoHwAb.c: OK
		Rte/Contract/Rte_IoHwAb.h: OK
		Rte/Config/Rte_IoHwAb_Type.h: OK
		Rte/MemMap/IoHwAb_MemMap.h: OK
		Rte/Config/Rte_NvM.c: OK
		Rte/Contract/Rte_NvM.h: OK
		Rte/Config/Rte_NvM_Type.h: OK
		Rte/MemMap/NvM_MemMap.h: OK
		Rte/Config/Rte_Os.c: OK
		Rte/Contract/Rte_Os.h: OK
		Rte/Config/Rte_Os_Type.h: OK
		Rte/MemMap/Os_MemMap.h: OK
		Rte/Config/Rte_SwcMemType.c: OK
		Rte/Contract/Rte_SwcMemType.h: OK
		Rte/Config/Rte_SwcMemType_Type.h: OK
		Rte/MemMap/SwcMemType_MemMap.h: OK
		Rte/Config/Rte_SwcReaderType.c: OK
		Rte/Contract/Rte_SwcReaderType.h: OK
		Rte/Config/Rte_SwcReaderType_Type.h: OK
		Rte/MemMap/SwcReaderType_MemMap.h: OK
		Rte/Config/Rte_SwcWriterType.c: OK
		Rte/Contract/Rte_SwcWriterType.h: OK
		Rte/Config/Rte_SwcWriterType_Type.h: OK
		Rte/MemMap/SwcWriterType_MemMap.h: OK
		Rte/Config/Rte_WdgM.c: OK
		Rte/Contract/Rte_WdgM.h: OK
		Rte/Config/Rte_WdgM_Type.h: OK
		Rte/MemMap/WdgM_MemMap.h: OK

	-Reporting OS needs...

	Rte generation finished successfully.
Rte done.
